[2017-02-06 05:24:40pm]-Connection Successful!
[2017-02-06 05:24:40pm]-Data Fetch Successful!
[2017-02-06 05:24:46pm]-Connection Successful!
[2017-02-06 05:24:46pm]-Connection Successful!
[2017-02-06 05:24:46pm]-Data Fetch Successful!
[2017-02-06 05:32:54pm]-Connection Successful!
[2017-02-06 05:32:54pm]-Data Fetch Successful!
[2017-02-06 05:33:23pm]-Connection Successful!
[2017-02-06 05:33:23pm]-Data Fetch Successful!
[2017-02-06 05:33:26pm]-Connection Successful!
[2017-02-06 05:33:26pm]-Data Fetch Successful!
[2017-02-06 05:33:41pm]-Connection Successful!
[2017-02-06 05:33:41pm]-Data Fetch Successful!
[2017-02-06 05:33:51pm]-Connection Successful!
[2017-02-06 05:33:51pm]-Data Fetch Successful!
[2017-02-06 05:47:50pm]-Connection Successful!
[2017-02-06 05:47:50pm]-Data Fetch Successful!
[2017-02-06 05:47:56pm]-Connection Successful!
[2017-02-06 05:47:56pm]-Data Fetch Successful!
[2017-02-06 05:47:57pm]-Connection Successful!
[2017-02-06 05:47:57pm]-Data Fetch Successful!
[2017-02-06 05:47:58pm]-Connection Successful!
[2017-02-06 05:47:58pm]-Data Fetch Successful!
[2017-02-06 05:47:59pm]-Connection Successful!
[2017-02-06 05:47:59pm]-Data Fetch Successful!
[2017-02-06 05:47:59pm]-Connection Successful!
[2017-02-06 05:48:00pm]-Data Fetch Successful!
[2017-02-06 05:48:01pm]-Connection Successful!
[2017-02-06 05:48:01pm]-Data Fetch Successful!
[2017-02-06 05:48:01pm]-Connection Successful!
[2017-02-06 05:48:01pm]-Data Fetch Successful!
[2017-02-06 05:48:07pm]-Connection Successful!
[2017-02-06 05:48:07pm]-Data Fetch Successful!
[2017-02-06 05:57:36pm]-Connection Successful!
[2017-02-06 05:57:36pm]-Data Fetch Successful!
[2017-02-06 05:57:39pm]-Connection Successful!
[2017-02-06 05:57:39pm]-Data Fetch Successful!
[2017-02-06 05:57:41pm]-Connection Successful!
[2017-02-06 05:57:41pm]-Data Fetch Successful!
[2017-02-06 05:57:42pm]-Connection Successful!
[2017-02-06 05:57:42pm]-Data Fetch Successful!
[2017-02-06 05:57:44pm]-Connection Successful!
[2017-02-06 05:57:44pm]-Data Fetch Successful!
[2017-02-06 05:57:46pm]-Connection Successful!
[2017-02-06 05:57:47pm]-Data Fetch Successful!
[2017-02-06 05:57:48pm]-Connection Successful!
[2017-02-06 05:57:48pm]-Data Fetch Successful!
[2017-02-06 05:58:55pm]-Connection Successful!
[2017-02-06 05:58:55pm]-Data Fetch Successful!
[2017-02-06 05:58:57pm]-Connection Successful!
[2017-02-06 05:58:57pm]-Data Fetch Successful!
[2017-02-06 05:59:01pm]-Connection Successful!
[2017-02-06 05:59:01pm]-Data Fetch Successful!
[2017-02-06 05:59:53pm]-Connection Successful!
[2017-02-06 05:59:53pm]-Data Fetch Successful!
[2017-02-06 05:59:54pm]-Connection Successful!
[2017-02-06 05:59:54pm]-Data Fetch Successful!
[2017-02-06 05:59:55pm]-Connection Successful!
[2017-02-06 05:59:55pm]-Data Fetch Successful!
[2017-02-06 06:02:16pm]-Connection Successful!
[2017-02-06 06:02:16pm]-Data Fetch Successful!
[2017-02-06 06:02:17pm]-Connection Successful!
[2017-02-06 06:02:17pm]-Data Fetch Successful!
[2017-02-06 06:08:40pm]-Connection Successful!
[2017-02-06 06:08:40pm]-Data Fetch Successful!
[2017-02-06 06:08:43pm]-Connection Successful!
[2017-02-06 06:08:43pm]-Data Fetch Successful!
[2017-02-06 06:08:46pm]-Connection Successful!
[2017-02-06 06:08:46pm]-Data Fetch Successful!
[2017-02-06 06:08:47pm]-Connection Successful!
[2017-02-06 06:08:47pm]-Data Fetch Successful!
[2017-02-06 06:08:48pm]-Connection Successful!
[2017-02-06 06:08:48pm]-Data Fetch Successful!
[2017-02-06 06:08:48pm]-Connection Successful!
[2017-02-06 06:08:49pm]-Data Fetch Successful!
[2017-02-06 06:08:49pm]-Connection Successful!
[2017-02-06 06:08:49pm]-Data Fetch Successful!
[2017-02-06 06:08:50pm]-Connection Successful!
[2017-02-06 06:08:50pm]-Data Fetch Successful!
[2017-02-06 07:16:29pm]-Connection Successful!
[2017-02-06 07:16:30pm]-Connection Successful!
[2017-02-06 07:16:30pm]-Data Fetch Successful!
[2017-02-06 07:20:56pm]-Connection Successful!
[2017-02-06 07:20:56pm]-Data Fetch Successful!
[2017-02-06 07:21:45pm]-Connection Successful!
[2017-02-06 07:21:45pm]-Connection Successful!
[2017-02-06 07:21:45pm]-Data Fetch Successful!
[2017-02-07 11:09:01am]-Connection Successful!
[2017-02-07 11:09:04am]-Data Fetch Successful!
[2017-02-07 11:17:05am]-Connection Successful!
[2017-02-07 11:17:05am]-Data Fetch Successful!
[2017-02-07 11:24:52am]-Connection Successful!
[2017-02-07 11:24:52am]-Data Fetch Successful!
[2017-02-07 11:26:12am]-Connection Successful!
[2017-02-07 11:26:12am]-Data Fetch Successful!
[2017-02-07 11:26:31am]-Connection Successful!
[2017-02-07 11:26:32am]-Connection Successful!
[2017-02-07 11:26:32am]-Data Fetch Successful!
[2017-02-07 11:27:38am]-Connection Successful!
[2017-02-07 11:27:38am]-Data Fetch Successful!
[2017-02-07 11:28:36am]-Connection Successful!
[2017-02-07 11:28:36am]-Data Fetch Successful!
[2017-02-07 11:29:22am]-Connection Successful!
[2017-02-07 11:29:23am]-Data Fetch Successful!
[2017-02-07 11:30:01am]-Connection Successful!
[2017-02-07 11:30:02am]-Data Fetch Successful!
[2017-02-07 11:32:08am]-Connection Successful!
[2017-02-07 11:32:09am]-Data Fetch Successful!
[2017-02-07 11:33:02am]-Connection Successful!
[2017-02-07 11:33:02am]-Data Fetch Successful!
[2017-02-07 11:41:32am]-Connection Successful!
[2017-02-07 11:41:33am]-Data Fetch Successful!
[2017-02-07 11:42:00am]-Connection Successful!
[2017-02-07 11:42:00am]-Data Fetch Successful!
[2017-02-07 11:42:02am]-Connection Successful!
[2017-02-07 11:42:02am]-Data Fetch Successful!
[2017-02-07 11:42:42am]-Connection Successful!
[2017-02-07 11:42:42am]-Data Fetch Successful!
[2017-02-07 11:44:48am]-Connection Successful!
[2017-02-07 11:44:49am]-Data Fetch Successful!
[2017-02-07 11:45:24am]-Connection Successful!
[2017-02-07 11:45:24am]-Data Fetch Successful!
[2017-02-07 11:45:28am]-Connection Successful!
[2017-02-07 11:45:28am]-Data Fetch Successful!
[2017-02-07 11:46:05am]-Connection Successful!
[2017-02-07 11:46:05am]-Data Fetch Successful!
[2017-02-07 11:48:03am]-Connection Successful!
[2017-02-07 11:48:03am]-Data Fetch Successful!
[2017-02-07 11:48:06am]-Connection Successful!
[2017-02-07 11:48:06am]-Data Fetch Successful!
[2017-02-07 11:48:35am]-Connection Successful!
[2017-02-07 11:48:35am]-Data Fetch Successful!
[2017-02-07 11:50:06am]-Connection Successful!
[2017-02-07 11:50:06am]-Data Fetch Successful!
[2017-02-07 11:50:50am]-Connection Successful!
[2017-02-07 11:50:50am]-Data Fetch Successful!
[2017-02-07 11:52:01am]-Connection Successful!
[2017-02-07 11:52:01am]-Data Fetch Successful!
[2017-02-07 11:55:21am]-Connection Successful!
[2017-02-07 11:55:21am]-Data Fetch Successful!
[2017-02-07 11:57:03am]-Connection Successful!
[2017-02-07 11:57:03am]-Data Fetch Successful!
[2017-02-07 11:57:47am]-Connection Successful!
[2017-02-07 11:57:47am]-Data Fetch Successful!
[2017-02-07 11:57:51am]-Connection Successful!
[2017-02-07 11:57:51am]-Data Fetch Successful!
[2017-02-07 11:57:59am]-Connection Successful!
[2017-02-07 11:57:59am]-Data Fetch Successful!
[2017-02-07 11:58:22am]-Connection Successful!
[2017-02-07 11:58:22am]-Data Fetch Successful!
[2017-02-07 11:58:33am]-Connection Successful!
[2017-02-07 11:58:33am]-Data Fetch Successful!
[2017-02-07 11:58:54am]-Connection Successful!
[2017-02-07 11:58:54am]-Data Fetch Successful!
[2017-02-07 11:59:32am]-Connection Successful!
[2017-02-07 11:59:32am]-Data Fetch Successful!
[2017-02-07 11:59:53am]-Connection Successful!
[2017-02-07 11:59:53am]-Data Fetch Successful!
[2017-02-07 12:00:33pm]-Connection Successful!
[2017-02-07 12:00:33pm]-Data Fetch Successful!
[2017-02-07 12:00:35pm]-Connection Successful!
[2017-02-07 12:00:36pm]-Data Fetch Successful!
[2017-02-07 12:00:51pm]-Connection Successful!
[2017-02-07 12:00:52pm]-Data Fetch Successful!
[2017-02-07 12:01:14pm]-Connection Successful!
[2017-02-07 12:01:14pm]-Data Fetch Successful!
[2017-02-07 12:02:05pm]-Connection Successful!
[2017-02-07 12:02:05pm]-Data Fetch Successful!
[2017-02-07 12:03:19pm]-Connection Successful!
[2017-02-07 12:03:19pm]-Data Fetch Successful!
[2017-02-07 12:05:49pm]-Connection Successful!
[2017-02-07 12:05:49pm]-Data Fetch Successful!
[2017-02-07 12:06:01pm]-Connection Successful!
[2017-02-07 12:06:01pm]-Data Fetch Successful!
[2017-02-07 12:14:42pm]-Connection Successful!
[2017-02-07 12:14:42pm]-Data Fetch Successful!
[2017-02-07 12:16:02pm]-Connection Successful!
[2017-02-07 12:16:02pm]-Data Fetch Successful!
[2017-02-07 12:18:40pm]-Connection Successful!
[2017-02-07 12:18:41pm]-Data Fetch Successful!
[2017-02-07 12:18:46pm]-Connection Successful!
[2017-02-07 12:18:46pm]-Data Fetch Successful!
[2017-02-07 12:18:48pm]-Connection Successful!
[2017-02-07 12:18:48pm]-Data Fetch Successful!
[2017-02-07 12:18:49pm]-Connection Successful!
[2017-02-07 12:18:49pm]-Data Fetch Successful!
[2017-02-07 12:18:50pm]-Connection Successful!
[2017-02-07 12:18:50pm]-Data Fetch Successful!
[2017-02-07 12:18:51pm]-Connection Successful!
[2017-02-07 12:18:51pm]-Data Fetch Successful!
[2017-02-07 12:18:52pm]-Connection Successful!
[2017-02-07 12:18:52pm]-Data Fetch Successful!
[2017-02-07 12:18:53pm]-Connection Successful!
[2017-02-07 12:18:53pm]-Data Fetch Successful!
[2017-02-07 12:18:54pm]-Connection Successful!
[2017-02-07 12:18:54pm]-Data Fetch Successful!
[2017-02-07 12:18:54pm]-Connection Successful!
[2017-02-07 12:18:54pm]-Data Fetch Successful!
[2017-02-07 12:18:55pm]-Connection Successful!
[2017-02-07 12:18:55pm]-Data Fetch Successful!
[2017-02-07 12:19:32pm]-Connection Successful!
[2017-02-07 12:19:32pm]-Data Fetch Successful!
[2017-02-07 12:19:33pm]-Connection Successful!
[2017-02-07 12:19:34pm]-Data Fetch Successful!
[2017-02-07 12:19:34pm]-Connection Successful!
[2017-02-07 12:19:35pm]-Data Fetch Successful!
[2017-02-07 12:19:37pm]-Connection Successful!
[2017-02-07 12:19:37pm]-Data Fetch Successful!
[2017-02-07 12:19:38pm]-Connection Successful!
[2017-02-07 12:19:39pm]-Data Fetch Successful!
[2017-02-07 12:19:40pm]-Connection Successful!
[2017-02-07 12:19:40pm]-Data Fetch Successful!
[2017-02-07 12:19:41pm]-Connection Successful!
[2017-02-07 12:19:41pm]-Data Fetch Successful!
[2017-02-07 12:21:47pm]-Connection Successful!
[2017-02-07 12:21:47pm]-Data Fetch Successful!
[2017-02-07 12:22:44pm]-Connection Successful!
[2017-02-07 12:22:44pm]-Data Fetch Successful!
[2017-02-07 12:22:46pm]-Connection Successful!
[2017-02-07 12:22:46pm]-Data Fetch Successful!
[2017-02-07 12:22:53pm]-Connection Successful!
[2017-02-07 12:22:53pm]-Data Fetch Successful!
[2017-02-07 12:22:56pm]-Connection Successful!
[2017-02-07 12:22:56pm]-Data Fetch Successful!
[2017-02-07 12:24:25pm]-Connection Successful!
[2017-02-07 12:24:25pm]-Data Fetch Successful!
[2017-02-07 12:25:41pm]-Connection Successful!
[2017-02-07 12:25:41pm]-Data Fetch Successful!
[2017-02-07 12:25:43pm]-Connection Successful!
[2017-02-07 12:25:43pm]-Data Fetch Successful!
[2017-02-07 12:28:23pm]-Connection Successful!
[2017-02-07 12:28:23pm]-Data Fetch Successful!
[2017-02-07 12:29:02pm]-Connection Successful!
[2017-02-07 12:29:02pm]-Data Fetch Successful!
[2017-02-07 12:31:02pm]-Connection Successful!
[2017-02-07 12:31:02pm]-Data Fetch Successful!
[2017-02-07 12:31:11pm]-Connection Successful!
[2017-02-07 12:31:12pm]-Data Fetch Successful!
[2017-02-07 12:31:43pm]-Connection Successful!
[2017-02-07 12:31:43pm]-Data Fetch Successful!
[2017-02-07 12:41:55pm]-Connection Successful!
[2017-02-07 12:41:55pm]-Data Fetch Successful!
[2017-02-07 12:42:05pm]-Connection Successful!
[2017-02-07 12:42:05pm]-Data Fetch Successful!
[2017-02-07 12:43:30pm]-Connection Successful!
[2017-02-07 12:43:30pm]-Data Fetch Successful!
[2017-02-07 12:45:02pm]-Connection Successful!
[2017-02-07 12:45:02pm]-Data Fetch Successful!
[2017-02-07 12:45:06pm]-Connection Successful!
[2017-02-07 12:45:06pm]-Data Fetch Successful!
[2017-02-07 01:04:18pm]-Connection Successful!
[2017-02-07 01:04:18pm]-Data Fetch Successful!
[2017-02-07 01:43:07pm]-Connection Successful!
[2017-02-07 01:43:07pm]-Data Fetch Successful!
[2017-02-07 01:43:09pm]-Connection Successful!
[2017-02-07 01:43:09pm]-Data Fetch Successful!
[2017-02-07 01:43:14pm]-Connection Successful!
[2017-02-07 01:43:14pm]-Data Fetch Successful!
[2017-02-07 01:43:16pm]-Connection Successful!
[2017-02-07 01:43:16pm]-Data Fetch Successful!
[2017-02-07 01:43:17pm]-Connection Successful!
[2017-02-07 01:43:18pm]-Data Fetch Successful!
[2017-02-07 01:43:19pm]-Connection Successful!
[2017-02-07 01:43:19pm]-Data Fetch Successful!
[2017-02-07 01:43:20pm]-Connection Successful!
[2017-02-07 01:43:20pm]-Data Fetch Successful!
[2017-02-07 01:43:21pm]-Connection Successful!
[2017-02-07 01:43:21pm]-Data Fetch Successful!
[2017-02-07 01:43:22pm]-Connection Successful!
[2017-02-07 01:43:22pm]-Data Fetch Successful!
[2017-02-07 01:43:23pm]-Connection Successful!
[2017-02-07 01:43:23pm]-Data Fetch Successful!
[2017-02-07 01:43:24pm]-Connection Successful!
[2017-02-07 01:43:24pm]-Data Fetch Successful!
[2017-02-07 01:43:25pm]-Connection Successful!
[2017-02-07 01:43:25pm]-Data Fetch Successful!
[2017-02-07 01:43:27pm]-Connection Successful!
[2017-02-07 01:43:27pm]-Data Fetch Successful!
[2017-02-07 01:43:29pm]-Connection Successful!
[2017-02-07 01:43:29pm]-Data Fetch Successful!
[2017-02-07 01:43:33pm]-Connection Successful!
[2017-02-07 01:43:33pm]-Data Fetch Successful!
[2017-02-07 01:43:34pm]-Connection Successful!
[2017-02-07 01:43:34pm]-Data Fetch Successful!
[2017-02-07 01:43:35pm]-Connection Successful!
[2017-02-07 01:43:35pm]-Data Fetch Successful!
[2017-02-07 01:49:35pm]-Connection Successful!
[2017-02-07 01:49:35pm]-Data Fetch Successful!
[2017-02-07 01:49:36pm]-Connection Successful!
[2017-02-07 01:49:36pm]-Data Fetch Successful!
[2017-02-07 01:49:37pm]-Connection Successful!
[2017-02-07 01:49:37pm]-Data Fetch Successful!
[2017-02-07 01:49:42pm]-Connection Successful!
[2017-02-07 01:49:42pm]-Data Fetch Successful!
[2017-02-07 01:49:43pm]-Connection Successful!
[2017-02-07 01:49:43pm]-Data Fetch Successful!
[2017-02-07 01:49:44pm]-Connection Successful!
[2017-02-07 01:49:44pm]-Data Fetch Successful!
[2017-02-07 01:50:09pm]-Connection Successful!
[2017-02-07 01:50:09pm]-Data Fetch Successful!
[2017-02-07 01:50:14pm]-Connection Successful!
[2017-02-07 01:50:14pm]-Data Fetch Successful!
[2017-02-07 01:50:15pm]-Connection Successful!
[2017-02-07 01:50:15pm]-Data Fetch Successful!
[2017-02-07 01:50:16pm]-Connection Successful!
[2017-02-07 01:50:16pm]-Data Fetch Successful!
[2017-02-07 01:50:17pm]-Connection Successful!
[2017-02-07 01:50:17pm]-Data Fetch Successful!
[2017-02-07 01:50:18pm]-Connection Successful!
[2017-02-07 01:50:18pm]-Data Fetch Successful!
[2017-02-07 01:50:18pm]-Connection Successful!
[2017-02-07 01:50:19pm]-Data Fetch Successful!
[2017-02-07 01:50:25pm]-Connection Successful!
[2017-02-07 01:50:25pm]-Data Fetch Successful!
[2017-02-07 01:50:27pm]-Connection Successful!
[2017-02-07 01:50:27pm]-Data Fetch Successful!
[2017-02-07 01:50:28pm]-Connection Successful!
[2017-02-07 01:50:28pm]-Data Fetch Successful!
[2017-02-07 01:50:28pm]-Connection Successful!
[2017-02-07 01:50:28pm]-Data Fetch Successful!
[2017-02-07 01:50:29pm]-Connection Successful!
[2017-02-07 01:50:29pm]-Data Fetch Successful!
[2017-02-07 01:50:29pm]-Connection Successful!
[2017-02-07 01:50:29pm]-Data Fetch Successful!
[2017-02-07 01:50:30pm]-Connection Successful!
[2017-02-07 01:50:30pm]-Data Fetch Successful!
[2017-02-07 01:50:31pm]-Connection Successful!
[2017-02-07 01:50:31pm]-Data Fetch Successful!
[2017-02-07 01:50:31pm]-Connection Successful!
[2017-02-07 01:50:31pm]-Data Fetch Successful!
[2017-02-07 01:50:32pm]-Connection Successful!
[2017-02-07 01:50:32pm]-Data Fetch Successful!
[2017-02-07 01:50:32pm]-Connection Successful!
[2017-02-07 01:50:32pm]-Data Fetch Successful!
[2017-02-07 01:50:33pm]-Connection Successful!
[2017-02-07 01:50:33pm]-Data Fetch Successful!
[2017-02-07 01:50:34pm]-Connection Successful!
[2017-02-07 01:50:34pm]-Data Fetch Successful!
[2017-02-07 01:59:02pm]-Connection Successful!
[2017-02-07 01:59:02pm]-Data Fetch Successful!
[2017-02-07 01:59:11pm]-Connection Successful!
[2017-02-07 01:59:11pm]-Connection Successful!
[2017-02-07 01:59:11pm]-Data Fetch Successful!
[2017-02-07 01:59:17pm]-Connection Successful!
[2017-02-07 01:59:17pm]-Connection Successful!
[2017-02-07 01:59:17pm]-Data Fetch Successful!
[2017-02-07 02:00:56pm]-Connection Successful!
[2017-02-07 02:00:56pm]-Data Fetch Successful!
[2017-02-07 02:07:52pm]-Connection Successful!
[2017-02-07 02:07:52pm]-Data Fetch Successful!
[2017-02-07 02:08:56pm]-Connection Successful!
[2017-02-07 02:08:56pm]-Data Fetch Successful!
[2017-02-07 02:09:05pm]-Connection Successful!
[2017-02-07 02:09:05pm]-Data Fetch Successful!
[2017-02-07 02:30:42pm]-Connection Successful!
[2017-02-07 02:30:42pm]-Data Fetch Successful!
[2017-02-07 02:31:00pm]-Connection Successful!
[2017-02-07 02:31:00pm]-Data Fetch Successful!
[2017-02-07 02:34:21pm]-Connection Successful!
[2017-02-07 02:34:21pm]-Data Fetch Successful!
[2017-02-07 02:42:26pm]-Connection Successful!
[2017-02-07 02:42:26pm]-Data Fetch Successful!
[2017-02-07 02:42:50pm]-Connection Successful!
[2017-02-07 02:42:50pm]-Data Fetch Successful!
[2017-02-07 02:42:53pm]-Connection Successful!
[2017-02-07 02:42:53pm]-Data Fetch Successful!
[2017-02-07 02:42:54pm]-Connection Successful!
[2017-02-07 02:42:54pm]-Data Fetch Successful!
[2017-02-07 02:44:23pm]-Connection Successful!
[2017-02-07 02:44:24pm]-Data Fetch Successful!
[2017-02-07 02:48:11pm]-Connection Successful!
[2017-02-07 02:48:11pm]-Data Fetch Successful!
[2017-02-07 02:48:14pm]-Connection Successful!
[2017-02-07 02:48:14pm]-Data Fetch Successful!
[2017-02-07 02:48:15pm]-Connection Successful!
[2017-02-07 02:48:16pm]-Data Fetch Successful!
[2017-02-07 02:48:17pm]-Connection Successful!
[2017-02-07 02:48:17pm]-Data Fetch Successful!
[2017-02-07 02:49:56pm]-Connection Successful!
[2017-02-07 02:49:56pm]-Data Fetch Successful!
[2017-02-07 02:49:59pm]-Connection Successful!
[2017-02-07 02:49:59pm]-Data Fetch Successful!
[2017-02-07 02:52:01pm]-Connection Successful!
[2017-02-07 02:52:01pm]-Data Fetch Successful!
[2017-02-07 02:52:04pm]-Connection Successful!
[2017-02-07 02:52:05pm]-Data Fetch Successful!
[2017-02-07 02:52:06pm]-Connection Successful!
[2017-02-07 02:52:06pm]-Data Fetch Successful!
[2017-02-07 02:52:14pm]-Connection Successful!
[2017-02-07 02:52:14pm]-Data Fetch Successful!
[2017-02-07 02:52:56pm]-Connection Successful!
[2017-02-07 02:52:56pm]-Data Fetch Successful!
[2017-02-07 02:53:23pm]-Connection Successful!
[2017-02-07 02:53:23pm]-Data Fetch Successful!
[2017-02-07 02:54:55pm]-Connection Successful!
[2017-02-07 02:54:55pm]-Data Fetch Successful!
[2017-02-07 02:54:58pm]-Connection Successful!
[2017-02-07 02:54:59pm]-Data Fetch Successful!
[2017-02-07 02:55:49pm]-Connection Successful!
[2017-02-07 02:55:50pm]-Data Fetch Successful!
[2017-02-07 02:56:09pm]-Connection Successful!
[2017-02-07 02:56:09pm]-Data Fetch Successful!
[2017-02-07 02:56:13pm]-Connection Successful!
[2017-02-07 02:56:13pm]-Data Fetch Successful!
[2017-02-07 02:57:08pm]-Connection Successful!
[2017-02-07 02:57:08pm]-Data Fetch Successful!
[2017-02-07 02:58:23pm]-Connection Successful!
[2017-02-07 02:58:23pm]-Data Fetch Successful!
[2017-02-07 03:01:31pm]-Connection Successful!
[2017-02-07 03:01:31pm]-Connection Successful!
[2017-02-07 03:01:31pm]-Data Fetch Successful!
[2017-02-07 03:01:44pm]-Connection Successful!
[2017-02-07 03:01:44pm]-Data Fetch Successful!
[2017-02-07 03:01:46pm]-Connection Successful!
[2017-02-07 03:01:46pm]-Data Fetch Successful!
[2017-02-07 03:01:47pm]-Connection Successful!
[2017-02-07 03:01:47pm]-Data Fetch Successful!
[2017-02-07 03:02:33pm]-Connection Successful!
[2017-02-07 03:02:33pm]-Data Fetch Successful!
[2017-02-07 03:02:54pm]-Connection Successful!
[2017-02-07 03:02:54pm]-Data Fetch Successful!
[2017-02-07 03:03:19pm]-Connection Successful!
[2017-02-07 03:03:19pm]-Data Fetch Successful!
[2017-02-07 03:04:05pm]-Connection Successful!
[2017-02-07 03:04:06pm]-Data Fetch Successful!
[2017-02-07 03:04:53pm]-Connection Successful!
[2017-02-07 03:04:53pm]-Data Fetch Successful!
[2017-02-07 03:08:40pm]-Connection Successful!
[2017-02-07 03:08:40pm]-Data Fetch Successful!
[2017-02-07 03:13:44pm]-Connection Successful!
[2017-02-07 03:13:44pm]-Data Fetch Successful!
[2017-02-07 03:14:18pm]-Connection Successful!
[2017-02-07 03:14:18pm]-Data Fetch Successful!
[2017-02-07 03:15:51pm]-Connection Successful!
[2017-02-07 03:15:51pm]-Data Fetch Successful!
[2017-02-07 03:23:58pm]-Connection Successful!
[2017-02-07 03:23:58pm]-Data Fetch Successful!
[2017-02-07 03:24:45pm]-Connection Successful!
[2017-02-07 03:24:46pm]-Data Fetch Successful!
[2017-02-07 03:27:22pm]-Connection Successful!
[2017-02-07 03:27:22pm]-Data Fetch Successful!
[2017-02-07 03:27:29pm]-Connection Successful!
[2017-02-07 03:27:30pm]-Data Fetch Successful!
[2017-02-07 03:27:35pm]-Connection Successful!
[2017-02-07 03:27:35pm]-Data Fetch Successful!
[2017-02-07 03:27:38pm]-Connection Successful!
[2017-02-07 03:27:38pm]-Data Fetch Successful!
[2017-02-07 03:27:39pm]-Connection Successful!
[2017-02-07 03:27:39pm]-Data Fetch Successful!
[2017-02-07 03:29:52pm]-Connection Successful!
[2017-02-07 03:29:52pm]-Connection Successful!
[2017-02-07 03:29:52pm]-Data Fetch Successful!
[2017-02-07 03:30:51pm]-Connection Successful!
[2017-02-07 03:30:51pm]-Connection Successful!
[2017-02-07 03:30:51pm]-Data Fetch Successful!
[2017-02-07 03:31:35pm]-Connection Successful!
[2017-02-07 03:31:35pm]-Connection Successful!
[2017-02-07 03:31:36pm]-Data Fetch Successful!
[2017-02-07 03:43:58pm]-Connection Successful!
[2017-02-07 03:43:58pm]-Data Fetch Successful!
[2017-02-07 03:44:03pm]-Connection Successful!
[2017-02-07 03:44:03pm]-Data Fetch Successful!
[2017-02-07 03:44:06pm]-Connection Successful!
[2017-02-07 03:44:06pm]-Data Fetch Successful!
[2017-02-07 03:44:09pm]-Connection Successful!
[2017-02-07 03:44:09pm]-Data Fetch Successful!
[2017-02-07 03:44:12pm]-Connection Successful!
[2017-02-07 03:44:12pm]-Data Fetch Successful!
[2017-02-07 03:44:14pm]-Connection Successful!
[2017-02-07 03:44:14pm]-Data Fetch Successful!
[2017-02-07 03:44:19pm]-Connection Successful!
[2017-02-07 03:44:19pm]-Data Fetch Successful!
[2017-02-07 03:44:26pm]-Connection Successful!
[2017-02-07 03:44:26pm]-Data Fetch Successful!
[2017-02-07 03:44:31pm]-Connection Successful!
[2017-02-07 03:44:31pm]-Data Fetch Successful!
[2017-02-07 03:44:34pm]-Connection Successful!
[2017-02-07 03:44:34pm]-Data Fetch Successful!
[2017-02-07 03:44:42pm]-Connection Successful!
[2017-02-07 03:44:42pm]-Data Fetch Successful!
[2017-02-07 03:57:54pm]-Connection Successful!
[2017-02-07 03:57:54pm]-Data Fetch Successful!
[2017-02-07 03:57:57pm]-Connection Successful!
[2017-02-07 03:57:57pm]-Data Fetch Successful!
[2017-02-07 03:57:58pm]-Connection Successful!
[2017-02-07 03:57:58pm]-Data Fetch Successful!
[2017-02-07 03:57:59pm]-Connection Successful!
[2017-02-07 03:58:00pm]-Data Fetch Successful!
[2017-02-07 03:58:01pm]-Connection Successful!
[2017-02-07 03:58:01pm]-Data Fetch Successful!
[2017-02-07 03:58:02pm]-Connection Successful!
[2017-02-07 03:58:02pm]-Data Fetch Successful!
[2017-02-07 03:58:03pm]-Connection Successful!
[2017-02-07 03:58:03pm]-Data Fetch Successful!
[2017-02-07 04:03:21pm]-Connection Successful!
[2017-02-07 04:03:21pm]-Data Fetch Successful!
[2017-02-07 04:03:23pm]-Connection Successful!
[2017-02-07 04:03:23pm]-Data Fetch Successful!
[2017-02-07 04:03:24pm]-Connection Successful!
[2017-02-07 04:03:24pm]-Data Fetch Successful!
[2017-02-07 04:06:18pm]-Connection Successful!
[2017-02-07 04:07:56pm]-Connection Successful!
[2017-02-07 04:07:58pm]-Connection Successful!
[2017-02-07 04:09:18pm]-Connection Successful!
[2017-02-07 04:09:18pm]-Data Fetch Successful!
[2017-02-07 04:09:40pm]-Connection Successful!
[2017-02-07 04:09:53pm]-Connection Successful!
[2017-02-07 04:09:53pm]-Data Fetch Successful!
[2017-02-07 04:27:41pm]-Connection Successful!
[2017-02-07 04:27:41pm]-Data Fetch Successful!
[2017-02-07 04:28:13pm]-Connection Successful!
[2017-02-07 04:28:13pm]-Data Fetch Successful!
[2017-02-07 04:38:35pm]-Connection Successful!
[2017-02-07 04:38:35pm]-Data Fetch Successful!
[2017-02-07 04:40:27pm]-Connection Successful!
[2017-02-07 04:40:27pm]-Data Fetch Successful!
[2017-02-07 04:59:32pm]-Connection Successful!
[2017-02-07 04:59:32pm]-Data Fetch Successful!
[2017-02-07 05:00:37pm]-Connection Successful!
[2017-02-07 05:00:37pm]-Data Fetch Successful!
[2017-02-07 05:01:59pm]-Connection Successful!
[2017-02-07 05:01:59pm]-Data Fetch Successful!
[2017-02-07 05:06:41pm]-Connection Successful!
[2017-02-07 05:06:42pm]-Data Fetch Successful!
[2017-02-07 05:07:20pm]-Connection Successful!
[2017-02-07 05:07:20pm]-Data Fetch Successful!
[2017-02-07 05:07:22pm]-Connection Successful!
[2017-02-07 05:07:22pm]-Data Fetch Successful!
[2017-02-07 05:07:25pm]-Connection Successful!
[2017-02-07 05:07:25pm]-Data Fetch Successful!
[2017-02-07 05:07:27pm]-Connection Successful!
[2017-02-07 05:07:27pm]-Data Fetch Successful!
[2017-02-07 05:07:29pm]-Connection Successful!
[2017-02-07 05:07:29pm]-Data Fetch Successful!
[2017-02-07 05:07:30pm]-Connection Successful!
[2017-02-07 05:07:30pm]-Data Fetch Successful!
[2017-02-07 05:07:30pm]-Connection Successful!
[2017-02-07 05:07:30pm]-Data Fetch Successful!
[2017-02-07 05:07:33pm]-Connection Successful!
[2017-02-07 05:07:33pm]-Data Fetch Successful!
[2017-02-07 05:07:41pm]-Connection Successful!
[2017-02-07 05:07:41pm]-Data Fetch Successful!
[2017-02-07 05:08:37pm]-Connection Successful!
[2017-02-07 05:08:37pm]-Data Fetch Successful!
[2017-02-07 05:08:39pm]-Connection Successful!
[2017-02-07 05:08:39pm]-Data Fetch Successful!
[2017-02-07 05:08:40pm]-Connection Successful!
[2017-02-07 05:08:40pm]-Data Fetch Successful!
[2017-02-07 05:08:52pm]-Connection Successful!
[2017-02-07 05:08:52pm]-Data Fetch Successful!
[2017-02-07 05:15:49pm]-Connection Successful!
[2017-02-07 05:15:49pm]-Data Fetch Successful!
[2017-02-07 05:20:12pm]-Connection Successful!
[2017-02-07 05:20:12pm]-Data Fetch Successful!
[2017-02-07 05:20:43pm]-Connection Successful!
[2017-02-07 05:20:44pm]-Data Fetch Successful!
[2017-02-07 05:20:46pm]-Connection Successful!
[2017-02-07 05:20:46pm]-Data Fetch Successful!
[2017-02-07 05:20:57pm]-Connection Successful!
[2017-02-07 05:20:57pm]-Data Fetch Successful!
[2017-02-07 05:27:18pm]-Connection Successful!
[2017-02-07 05:27:18pm]-Data Fetch Successful!
[2017-02-07 05:28:02pm]-Connection Successful!
[2017-02-07 05:28:03pm]-Data Fetch Successful!
[2017-02-07 05:28:59pm]-Connection Successful!
[2017-02-07 05:28:59pm]-Data Fetch Successful!
[2017-02-07 05:29:38pm]-Connection Successful!
[2017-02-07 05:29:38pm]-Connection Successful!
[2017-02-07 05:29:38pm]-Data Fetch Successful!
[2017-02-07 05:30:04pm]-Connection Successful!
[2017-02-07 05:30:04pm]-Data Fetch Successful!
[2017-02-07 05:55:48pm]-Connection Successful!
[2017-02-07 06:09:14pm]-Connection Successful!
[2017-02-07 06:09:14pm]-Data Fetch Successful!
[2017-02-07 06:09:59pm]-Connection Successful!
[2017-02-07 06:09:59pm]-Data Fetch Successful!
[2017-02-07 06:10:56pm]-Connection Successful!
[2017-02-07 06:10:56pm]-Data Fetch Successful!
[2017-02-07 06:12:51pm]-Connection Successful!
[2017-02-07 06:12:51pm]-Data Fetch Successful!
[2017-02-07 06:14:06pm]-Connection Successful!
[2017-02-07 06:14:06pm]-Data Fetch Successful!
[2017-02-07 06:20:13pm]-Connection Successful!
[2017-02-07 06:20:13pm]-Data Fetch Successful!
[2017-02-07 06:20:31pm]-Connection Successful!
[2017-02-07 06:20:31pm]-Connection Successful!
[2017-02-07 06:20:31pm]-Data Fetch Successful!
[2017-02-07 06:20:57pm]-Connection Successful!
[2017-02-07 06:20:57pm]-Data Fetch Successful!
[2017-02-07 06:23:36pm]-Connection Successful!
[2017-02-07 06:23:36pm]-Data Fetch Successful!
[2017-02-07 06:23:59pm]-Connection Successful!
[2017-02-07 06:23:59pm]-Data Fetch Successful!
[2017-02-07 06:24:19pm]-Connection Successful!
[2017-02-07 06:24:19pm]-Connection Successful!
[2017-02-07 06:24:19pm]-Data Fetch Successful!
[2017-02-07 06:24:45pm]-Connection Successful!
[2017-02-07 06:24:45pm]-Data Fetch Successful!
[2017-02-07 06:27:33pm]-Connection Successful!
[2017-02-07 06:27:33pm]-Data Fetch Successful!
[2017-02-07 06:40:24pm]-Connection Successful!
[2017-02-07 06:40:24pm]-Data Fetch Successful!
[2017-02-07 06:40:27pm]-Connection Successful!
[2017-02-07 06:40:27pm]-Data Fetch Successful!
[2017-02-07 06:41:38pm]-Connection Successful!
[2017-02-07 06:41:38pm]-Data Fetch Successful!
[2017-02-07 06:58:12pm]-Connection Successful!
[2017-02-07 06:58:12pm]-Data Fetch Successful!
[2017-02-07 06:59:31pm]-Connection Successful!
[2017-02-07 06:59:31pm]-Data Fetch Successful!
[2017-02-07 07:01:36pm]-Connection Successful!
[2017-02-07 07:01:36pm]-Data Fetch Successful!
[2017-02-07 07:02:01pm]-Connection Successful!
[2017-02-07 07:02:01pm]-Data Fetch Successful!
[2017-02-07 07:04:40pm]-Connection Successful!
[2017-02-07 07:04:40pm]-Connection Successful!
[2017-02-07 07:04:40pm]-Data Fetch Successful!
[2017-02-07 07:08:49pm]-Connection Successful!
[2017-02-07 07:08:49pm]-Connection Successful!
[2017-02-07 07:08:49pm]-Data Fetch Successful!
[2017-02-07 07:10:24pm]-Connection Successful!
[2017-02-07 07:10:24pm]-Connection Successful!
[2017-02-07 07:10:24pm]-Data Fetch Successful!
[2017-02-07 07:10:50pm]-Connection Successful!
[2017-02-07 07:10:50pm]-Connection Successful!
[2017-02-07 07:10:50pm]-Data Fetch Successful!
[2017-02-07 07:11:16pm]-Connection Successful!
[2017-02-07 07:11:16pm]-Connection Successful!
[2017-02-07 07:11:16pm]-Data Fetch Successful!
[2017-02-07 07:15:25pm]-Connection Successful!
[2017-02-07 07:15:25pm]-Connection Successful!
[2017-02-07 07:15:25pm]-Data Fetch Successful!
[2017-02-07 07:16:58pm]-Connection Successful!
[2017-02-07 07:16:58pm]-Connection Successful!
[2017-02-07 07:16:58pm]-Data Fetch Successful!
[2017-02-07 07:17:14pm]-Connection Successful!
[2017-02-07 07:17:14pm]-Connection Successful!
[2017-02-07 07:17:14pm]-Data Fetch Successful!
[2017-02-07 07:17:33pm]-Connection Successful!
[2017-02-07 07:17:33pm]-Connection Successful!
[2017-02-07 07:17:33pm]-Data Fetch Successful!
[2017-02-07 07:18:36pm]-Connection Successful!
[2017-02-07 07:18:36pm]-Connection Successful!
[2017-02-07 07:18:36pm]-Data Fetch Successful!
[2017-02-07 07:18:41pm]-Connection Successful!
[2017-02-07 07:18:41pm]-Data Fetch Successful!
[2017-02-07 07:18:44pm]-Connection Successful!
[2017-02-07 07:18:44pm]-Data Fetch Successful!
[2017-02-07 07:18:52pm]-Connection Successful!
[2017-02-07 07:18:52pm]-Connection Successful!
[2017-02-07 07:18:52pm]-Data Fetch Successful!
[2017-02-07 07:20:27pm]-Connection Successful!
[2017-02-07 07:20:27pm]-Data Fetch Successful!
[2017-02-07 07:21:44pm]-Connection Successful!
[2017-02-07 07:21:44pm]-Data Fetch Successful!
[2017-02-07 07:25:51pm]-Connection Successful!
[2017-02-07 07:25:51pm]-Data Fetch Successful!
[2017-02-07 07:26:07pm]-Connection Successful!
[2017-02-07 07:26:07pm]-Data Fetch Successful!
[2017-02-07 07:26:57pm]-Connection Successful!
[2017-02-07 07:26:57pm]-Data Fetch Successful!
[2017-02-07 07:26:59pm]-Connection Successful!
[2017-02-07 07:26:59pm]-Data Fetch Successful!
[2017-02-07 07:27:02pm]-Connection Successful!
[2017-02-07 07:27:02pm]-Data Fetch Successful!
[2017-02-07 07:27:03pm]-Connection Successful!
[2017-02-07 07:27:03pm]-Data Fetch Successful!
[2017-02-07 07:27:05pm]-Connection Successful!
[2017-02-07 07:27:05pm]-Data Fetch Successful!
[2017-02-07 07:27:55pm]-Connection Successful!
[2017-02-07 07:27:56pm]-Data Fetch Successful!
[2017-02-07 07:28:07pm]-Connection Successful!
[2017-02-07 07:28:07pm]-Data Fetch Successful!
[2017-02-07 07:32:04pm]-Connection Successful!
[2017-02-07 07:32:04pm]-Data Fetch Successful!
[2017-02-08 11:00:49am]-Connection Successful!
[2017-02-08 11:01:43am]-Connection Successful!
[2017-02-08 11:01:44am]-Data Fetch Successful!
[2017-02-08 11:01:58am]-Connection Successful!
[2017-02-08 11:01:58am]-Data Fetch Successful!
[2017-02-08 11:19:27am]-Connection Successful!
[2017-02-08 11:19:27am]-Data Fetch Successful!
[2017-02-08 11:22:34am]-Connection Successful!
[2017-02-08 11:22:34am]-Data Fetch Successful!
[2017-02-08 11:22:46am]-Connection Successful!
[2017-02-08 11:22:46am]-Connection Successful!
[2017-02-08 11:22:47am]-Data Fetch Successful!
[2017-02-08 12:09:01pm]-Connection Successful!
[2017-02-08 12:09:01pm]-Data Fetch Successful!
[2017-02-08 12:09:13pm]-Connection Successful!
[2017-02-08 12:12:47pm]-Connection Successful!
[2017-02-08 12:14:28pm]-Connection Successful!
[2017-02-08 12:16:04pm]-Connection Successful!
[2017-02-08 12:17:01pm]-Connection Successful!
[2017-02-08 12:17:08pm]-Connection Successful!
[2017-02-08 12:17:55pm]-Connection Successful!
[2017-02-08 12:18:08pm]-Connection Successful!
[2017-02-08 12:19:43pm]-Connection Successful!
[2017-02-08 12:19:54pm]-Connection Successful!
[2017-02-08 12:23:46pm]-Connection Successful!
[2017-02-08 12:32:11pm]-Connection Successful!
[2017-02-08 12:32:17pm]-Connection Successful!
[2017-02-08 12:32:29pm]-Connection Successful!
[2017-02-08 12:32:44pm]-Connection Successful!
[2017-02-08 12:32:44pm]-Data Fetch Successful!
[2017-02-08 12:35:08pm]-Connection Successful!
[2017-02-08 12:35:08pm]-Data Fetch Successful!
[2017-02-08 12:35:20pm]-Connection Successful!
[2017-02-08 12:35:27pm]-Connection Successful!
[2017-02-08 12:35:27pm]-Data Fetch Successful!
[2017-02-08 12:37:21pm]-Connection Successful!
[2017-02-08 12:37:21pm]-Data Fetch Successful!
[2017-02-08 12:37:44pm]-Connection Successful!
[2017-02-08 12:37:44pm]-Data Fetch Successful!
[2017-02-08 12:39:39pm]-Connection Successful!
[2017-02-08 12:39:46pm]-Connection Successful!
[2017-02-08 12:39:46pm]-Data Fetch Successful!
[2017-02-08 01:47:27pm]-Connection Successful!
[2017-02-08 02:30:29pm]-Connection Successful!
[2017-02-08 02:30:47pm]-Connection Successful!
[2017-02-08 02:41:21pm]-Connection Successful!
[2017-02-08 02:55:18pm]-Connection Successful!
[2017-02-08 03:02:43pm]-Connection Successful!
[2017-02-08 03:02:43pm]-Data Fetch Successful!
[2017-02-08 03:04:38pm]-Connection Successful!
[2017-02-08 03:04:38pm]-Data Fetch Successful!
[2017-02-08 03:09:43pm]-Connection Successful!
[2017-02-08 03:09:47pm]-Connection Successful!
[2017-02-08 03:09:53pm]-Connection Successful!
[2017-02-08 03:09:56pm]-Connection Successful!
[2017-02-08 03:10:14pm]-Connection Successful!
[2017-02-08 03:10:16pm]-Connection Successful!
[2017-02-08 03:10:18pm]-Connection Successful!
[2017-02-08 03:10:19pm]-Connection Successful!
[2017-02-08 03:10:20pm]-Connection Successful!
[2017-02-08 03:10:28pm]-Connection Successful!
[2017-02-08 03:10:28pm]-Connection Successful!
[2017-02-08 03:10:31pm]-Connection Successful!
[2017-02-08 03:10:33pm]-Connection Successful!
[2017-02-08 03:10:37pm]-Connection Successful!
[2017-02-08 03:10:39pm]-Connection Successful!
[2017-02-08 03:10:48pm]-Connection Successful!
[2017-02-08 03:10:48pm]-Connection Successful!
[2017-02-08 03:10:51pm]-Connection Successful!
[2017-02-08 03:10:52pm]-Connection Successful!
[2017-02-08 03:10:53pm]-Connection Successful!
[2017-02-08 03:10:57pm]-Connection Successful!
[2017-02-08 03:10:59pm]-Connection Successful!
[2017-02-08 03:11:01pm]-Connection Successful!
[2017-02-08 03:11:02pm]-Connection Successful!
[2017-02-08 03:12:16pm]-Connection Successful!
[2017-02-08 03:12:16pm]-Data Fetch Successful!
[2017-02-08 03:12:19pm]-Connection Successful!
[2017-02-08 03:12:19pm]-Data Fetch Successful!
[2017-02-08 03:12:20pm]-Connection Successful!
[2017-02-08 03:12:20pm]-Data Fetch Successful!
[2017-02-08 03:18:28pm]-Connection Successful!
[2017-02-08 03:18:28pm]-Data Fetch Successful!
[2017-02-08 03:47:49pm]-Connection Successful!
[2017-02-08 03:47:49pm]-Data Fetch Successful!
[2017-02-08 03:47:58pm]-Connection Successful!
[2017-02-08 03:47:58pm]-Data Fetch Successful!
[2017-02-08 03:48:19pm]-Connection Successful!
[2017-02-08 03:48:19pm]-Data Fetch Successful!
[2017-02-08 03:52:04pm]-Connection Successful!
[2017-02-08 03:52:04pm]-Connection Successful!
[2017-02-08 03:52:05pm]-Data Fetch Successful!
[2017-02-08 03:52:12pm]-Connection Successful!
[2017-02-08 03:52:12pm]-Data Fetch Successful!
[2017-02-08 03:52:19pm]-Connection Successful!
[2017-02-08 03:52:19pm]-Connection Successful!
[2017-02-08 03:52:19pm]-Data Fetch Successful!
[2017-02-08 03:52:20pm]-Connection Successful!
[2017-02-08 03:52:20pm]-Data Fetch Successful!
[2017-02-08 03:52:28pm]-Connection Successful!
[2017-02-08 03:52:28pm]-Connection Successful!
[2017-02-08 03:52:28pm]-Data Fetch Successful!
[2017-02-08 03:52:36pm]-Connection Successful!
[2017-02-08 03:52:36pm]-Data Fetch Successful!
[2017-02-08 03:53:21pm]-Connection Successful!
[2017-02-08 03:53:21pm]-Data Fetch Successful!
[2017-02-08 03:53:22pm]-Connection Successful!
[2017-02-08 03:53:22pm]-Data Fetch Successful!
[2017-02-08 03:54:18pm]-Connection Successful!
[2017-02-08 03:54:18pm]-Data Fetch Successful!
[2017-02-08 03:54:59pm]-Connection Successful!
[2017-02-08 03:55:16pm]-Connection Successful!
[2017-02-08 03:55:19pm]-Data Fetch Successful!
[2017-02-08 03:55:42pm]-Connection Successful!
[2017-02-08 03:55:42pm]-Data Fetch Successful!
[2017-02-08 03:57:34pm]-Connection Successful!
[2017-02-08 03:57:34pm]-Data Fetch Successful!
[2017-02-08 03:57:47pm]-Connection Successful!
[2017-02-08 03:57:47pm]-Data Fetch Successful!
[2017-02-08 03:58:06pm]-Connection Successful!
[2017-02-08 03:58:06pm]-Data Fetch Successful!
[2017-02-08 03:58:09pm]-Connection Successful!
[2017-02-08 03:58:09pm]-Data Fetch Successful!
[2017-02-08 03:58:11pm]-Connection Successful!
[2017-02-08 03:58:11pm]-Data Fetch Successful!
[2017-02-08 04:01:01pm]-Connection Successful!
[2017-02-08 04:01:01pm]-Data Fetch Successful!
[2017-02-08 04:01:09pm]-Connection Successful!
[2017-02-08 04:01:09pm]-Data Fetch Successful!
[2017-02-08 04:01:09pm]-Connection Successful!
[2017-02-08 04:01:10pm]-Data Fetch Successful!
[2017-02-08 04:01:11pm]-Connection Successful!
[2017-02-08 04:01:11pm]-Data Fetch Successful!
[2017-02-08 04:01:13pm]-Connection Successful!
[2017-02-08 04:01:13pm]-Data Fetch Successful!
[2017-02-08 04:01:14pm]-Connection Successful!
[2017-02-08 04:01:14pm]-Data Fetch Successful!
[2017-02-08 04:02:06pm]-Connection Successful!
[2017-02-08 04:02:06pm]-Data Fetch Successful!
[2017-02-08 04:08:56pm]-Connection Successful!
[2017-02-08 04:08:56pm]-Data Fetch Successful!
[2017-02-08 04:09:00pm]-Connection Successful!
[2017-02-08 04:09:00pm]-Data Fetch Successful!
[2017-02-08 04:11:17pm]-Connection Successful!
[2017-02-08 04:11:17pm]-Data Fetch Successful!
[2017-02-08 04:14:42pm]-Connection Successful!
[2017-02-08 04:14:43pm]-Data Fetch Successful!
[2017-02-08 04:14:54pm]-Connection Successful!
[2017-02-08 04:14:54pm]-Data Fetch Successful!
[2017-02-08 04:15:54pm]-Connection Successful!
[2017-02-08 04:15:54pm]-Data Fetch Successful!
[2017-02-08 04:15:58pm]-Connection Successful!
[2017-02-08 04:15:58pm]-Data Fetch Successful!
[2017-02-08 04:16:27pm]-Connection Successful!
[2017-02-08 04:16:28pm]-Data Fetch Successful!
[2017-02-08 04:16:39pm]-Connection Successful!
[2017-02-08 04:16:39pm]-Data Fetch Successful!
[2017-02-08 04:16:41pm]-Connection Successful!
[2017-02-08 04:16:41pm]-Data Fetch Successful!
[2017-02-08 04:16:45pm]-Connection Successful!
[2017-02-08 04:16:45pm]-Data Fetch Successful!
[2017-02-08 04:16:55pm]-Connection Successful!
[2017-02-08 04:16:55pm]-Data Fetch Successful!
[2017-02-08 04:16:59pm]-Connection Successful!
[2017-02-08 04:16:59pm]-Data Fetch Successful!
[2017-02-08 04:17:28pm]-Connection Successful!
[2017-02-08 04:17:28pm]-Data Fetch Successful!
[2017-02-08 04:17:33pm]-Connection Successful!
[2017-02-08 04:17:33pm]-Data Fetch Successful!
[2017-02-08 04:17:54pm]-Connection Successful!
[2017-02-08 04:17:54pm]-Data Fetch Successful!
[2017-02-08 04:17:57pm]-Connection Successful!
[2017-02-08 04:17:57pm]-Data Fetch Successful!
[2017-02-08 04:18:31pm]-Connection Successful!
[2017-02-08 04:18:31pm]-Data Fetch Successful!
[2017-02-08 04:18:34pm]-Connection Successful!
[2017-02-08 04:18:34pm]-Data Fetch Successful!
[2017-02-08 04:19:09pm]-Connection Successful!
[2017-02-08 04:19:09pm]-Data Fetch Successful!
[2017-02-08 04:19:11pm]-Connection Successful!
[2017-02-08 04:19:11pm]-Data Fetch Successful!
[2017-02-08 04:19:29pm]-Connection Successful!
[2017-02-08 04:19:29pm]-Data Fetch Successful!
[2017-02-08 04:19:30pm]-Connection Successful!
[2017-02-08 04:19:31pm]-Data Fetch Successful!
[2017-02-08 04:25:15pm]-Connection Successful!
[2017-02-08 04:25:15pm]-Data Fetch Successful!
[2017-02-08 04:25:18pm]-Connection Successful!
[2017-02-08 04:25:18pm]-Data Fetch Successful!
[2017-02-08 04:25:38pm]-Connection Successful!
[2017-02-08 04:25:38pm]-Data Fetch Successful!
[2017-02-08 04:25:42pm]-Connection Successful!
[2017-02-08 04:25:42pm]-Data Fetch Successful!
[2017-02-08 04:25:44pm]-Connection Successful!
[2017-02-08 04:25:44pm]-Data Fetch Successful!
[2017-02-08 04:26:06pm]-Connection Successful!
[2017-02-08 04:26:06pm]-Data Fetch Successful!
[2017-02-08 04:26:17pm]-Connection Successful!
[2017-02-08 04:26:17pm]-Data Fetch Successful!
[2017-02-08 04:26:18pm]-Connection Successful!
[2017-02-08 04:26:18pm]-Data Fetch Successful!
[2017-02-08 04:28:24pm]-Connection Successful!
[2017-02-08 04:28:24pm]-Data Fetch Successful!
[2017-02-08 04:28:29pm]-Connection Successful!
[2017-02-08 04:28:29pm]-Data Fetch Successful!
[2017-02-08 04:28:46pm]-Connection Successful!
[2017-02-08 04:28:47pm]-Data Fetch Successful!
[2017-02-08 04:28:55pm]-Connection Successful!
[2017-02-08 04:28:55pm]-Data Fetch Successful!
[2017-02-08 04:31:37pm]-Connection Successful!
[2017-02-08 04:31:38pm]-Data Fetch Successful!
[2017-02-08 04:31:46pm]-Connection Successful!
[2017-02-08 04:31:46pm]-Data Fetch Successful!
[2017-02-08 04:32:40pm]-Connection Successful!
[2017-02-08 04:32:40pm]-Data Fetch Successful!
[2017-02-08 04:32:42pm]-Connection Successful!
[2017-02-08 04:32:42pm]-Data Fetch Successful!
[2017-02-08 04:32:52pm]-Connection Successful!
[2017-02-08 04:32:52pm]-Data Fetch Successful!
[2017-02-08 04:32:54pm]-Connection Successful!
[2017-02-08 04:32:54pm]-Data Fetch Successful!
[2017-02-08 04:33:33pm]-Connection Successful!
[2017-02-08 04:33:33pm]-Data Fetch Successful!
[2017-02-08 04:33:42pm]-Connection Successful!
[2017-02-08 04:33:42pm]-Data Fetch Successful!
[2017-02-08 04:34:43pm]-Connection Successful!
[2017-02-08 04:34:43pm]-Connection Successful!
[2017-02-08 04:34:43pm]-Data Fetch Successful!
[2017-02-08 04:34:58pm]-Connection Successful!
[2017-02-08 04:34:58pm]-Data Fetch Successful!
[2017-02-08 04:36:17pm]-Connection Successful!
[2017-02-08 04:36:17pm]-Data Fetch Successful!
[2017-02-08 04:36:19pm]-Connection Successful!
[2017-02-08 04:36:20pm]-Data Fetch Successful!
[2017-02-08 04:36:21pm]-Connection Successful!
[2017-02-08 04:36:21pm]-Data Fetch Successful!
[2017-02-08 04:36:23pm]-Connection Successful!
[2017-02-08 04:36:23pm]-Data Fetch Successful!
[2017-02-08 04:36:28pm]-Connection Successful!
[2017-02-08 04:36:28pm]-Connection Successful!
[2017-02-08 04:36:28pm]-Data Fetch Successful!
[2017-02-08 04:36:30pm]-Connection Successful!
[2017-02-08 04:36:31pm]-Data Fetch Successful!
[2017-02-08 04:42:30pm]-Connection Successful!
[2017-02-08 04:42:30pm]-Data Fetch Successful!
[2017-02-08 04:43:03pm]-Connection Successful!
[2017-02-08 04:43:03pm]-Data Fetch Successful!
[2017-02-08 04:43:19pm]-Connection Successful!
[2017-02-08 04:43:19pm]-Data Fetch Successful!
[2017-02-08 04:43:27pm]-Connection Successful!
[2017-02-08 04:43:27pm]-Data Fetch Successful!
[2017-02-08 04:43:28pm]-Connection Successful!
[2017-02-08 04:43:28pm]-Data Fetch Successful!
[2017-02-08 04:44:39pm]-Connection Successful!
[2017-02-08 04:44:39pm]-Data Fetch Successful!
[2017-02-08 04:46:19pm]-Connection Successful!
[2017-02-08 04:46:19pm]-Data Fetch Successful!
[2017-02-08 04:46:27pm]-Connection Successful!
[2017-02-08 04:46:27pm]-Connection Successful!
[2017-02-08 04:46:27pm]-Data Fetch Successful!
[2017-02-08 04:46:33pm]-Connection Successful!
[2017-02-08 04:46:33pm]-Data Fetch Successful!
[2017-02-08 04:50:04pm]-Connection Successful!
[2017-02-08 04:50:16pm]-Connection Successful!
[2017-02-08 04:50:16pm]-Data Fetch Successful!
[2017-02-08 04:56:07pm]-Connection Successful!
[2017-02-08 04:56:07pm]-Data Fetch Successful!
[2017-02-08 04:56:13pm]-Connection Successful!
[2017-02-08 04:56:13pm]-Data Fetch Successful!
[2017-02-08 04:56:20pm]-Connection Successful!
[2017-02-08 04:56:21pm]-Data Fetch Successful!
[2017-02-08 04:56:26pm]-Connection Successful!
[2017-02-08 04:56:26pm]-Data Fetch Successful!
[2017-02-08 04:56:34pm]-Connection Successful!
[2017-02-08 04:56:34pm]-Data Fetch Successful!
[2017-02-08 04:56:36pm]-Connection Successful!
[2017-02-08 04:56:36pm]-Data Fetch Successful!
[2017-02-08 04:58:22pm]-Connection Successful!
[2017-02-08 04:58:22pm]-Data Fetch Successful!
[2017-02-08 04:58:24pm]-Connection Successful!
[2017-02-08 04:58:24pm]-Data Fetch Successful!
[2017-02-08 04:58:29pm]-Connection Successful!
[2017-02-08 04:58:29pm]-Data Fetch Successful!
[2017-02-08 05:00:44pm]-Connection Successful!
[2017-02-08 05:00:44pm]-Data Fetch Successful!
[2017-02-08 05:00:45pm]-Connection Successful!
[2017-02-08 05:00:45pm]-Data Fetch Successful!
[2017-02-08 05:00:45pm]-Connection Successful!
[2017-02-08 05:00:54pm]-Connection Successful!
[2017-02-08 05:00:54pm]-Data Fetch Successful!
[2017-02-08 05:01:24pm]-Connection Successful!
[2017-02-08 05:01:24pm]-Data Fetch Successful!
[2017-02-08 05:01:25pm]-Connection Successful!
[2017-02-08 05:01:25pm]-Data Fetch Successful!
[2017-02-08 05:01:30pm]-Connection Successful!
[2017-02-08 05:01:30pm]-Data Fetch Successful!
[2017-02-08 05:01:45pm]-Connection Successful!
[2017-02-08 05:01:45pm]-Data Fetch Successful!
[2017-02-08 05:01:46pm]-Connection Successful!
[2017-02-08 05:01:46pm]-Data Fetch Successful!
[2017-02-08 05:01:50pm]-Connection Successful!
[2017-02-08 05:01:50pm]-Data Fetch Successful!
[2017-02-08 05:01:51pm]-Connection Successful!
[2017-02-08 05:01:51pm]-Data Fetch Successful!
[2017-02-08 05:02:38pm]-Connection Successful!
[2017-02-08 05:02:39pm]-Data Fetch Successful!
[2017-02-08 05:02:40pm]-Connection Successful!
[2017-02-08 05:02:40pm]-Data Fetch Successful!
[2017-02-08 05:02:41pm]-Connection Successful!
[2017-02-08 05:02:41pm]-Data Fetch Successful!
[2017-02-08 05:02:41pm]-Connection Successful!
[2017-02-08 05:02:41pm]-Data Fetch Successful!
[2017-02-08 05:02:46pm]-Connection Successful!
[2017-02-08 05:02:46pm]-Data Fetch Successful!
[2017-02-08 05:02:49pm]-Connection Successful!
[2017-02-08 05:02:49pm]-Data Fetch Successful!
[2017-02-08 05:02:50pm]-Connection Successful!
[2017-02-08 05:02:50pm]-Data Fetch Successful!
[2017-02-08 05:03:06pm]-Connection Successful!
[2017-02-08 05:03:06pm]-Data Fetch Successful!
[2017-02-08 05:03:07pm]-Connection Successful!
[2017-02-08 05:03:07pm]-Data Fetch Successful!
[2017-02-08 05:03:07pm]-Connection Successful!
[2017-02-08 05:03:07pm]-Data Fetch Successful!
[2017-02-08 05:03:12pm]-Connection Successful!
[2017-02-08 05:03:12pm]-Data Fetch Successful!
[2017-02-08 05:03:30pm]-Connection Successful!
[2017-02-08 05:03:30pm]-Data Fetch Successful!
[2017-02-08 05:03:30pm]-Connection Successful!
[2017-02-08 05:03:30pm]-Data Fetch Successful!
[2017-02-08 05:03:43pm]-Connection Successful!
[2017-02-08 05:03:43pm]-Data Fetch Successful!
[2017-02-08 05:04:16pm]-Connection Successful!
[2017-02-08 05:04:16pm]-Data Fetch Successful!
[2017-02-08 05:04:16pm]-Connection Successful!
[2017-02-08 05:04:16pm]-Data Fetch Successful!
[2017-02-08 05:05:29pm]-Connection Successful!
[2017-02-08 05:05:29pm]-Data Fetch Successful!
[2017-02-08 05:05:32pm]-Connection Successful!
[2017-02-08 05:05:32pm]-Data Fetch Successful!
[2017-02-08 05:05:32pm]-Connection Successful!
[2017-02-08 05:05:32pm]-Data Fetch Successful!
[2017-02-08 05:05:35pm]-Connection Successful!
[2017-02-08 05:05:35pm]-Data Fetch Successful!
[2017-02-08 05:05:36pm]-Connection Successful!
[2017-02-08 05:05:36pm]-Data Fetch Successful!
[2017-02-08 05:05:36pm]-Connection Successful!
[2017-02-08 05:05:36pm]-Data Fetch Successful!
[2017-02-08 05:05:38pm]-Connection Successful!
[2017-02-08 05:05:38pm]-Data Fetch Successful!
[2017-02-08 05:05:40pm]-Connection Successful!
[2017-02-08 05:05:40pm]-Data Fetch Successful!
[2017-02-08 05:05:40pm]-Connection Successful!
[2017-02-08 05:05:41pm]-Data Fetch Successful!
[2017-02-08 05:05:46pm]-Connection Successful!
[2017-02-08 05:05:46pm]-Data Fetch Successful!
[2017-02-08 05:05:47pm]-Connection Successful!
[2017-02-08 05:05:47pm]-Data Fetch Successful!
[2017-02-08 05:05:47pm]-Connection Successful!
[2017-02-08 05:05:47pm]-Data Fetch Successful!
[2017-02-08 05:06:59pm]-Connection Successful!
[2017-02-08 05:07:18pm]-Connection Successful!
[2017-02-08 05:07:18pm]-Data Fetch Successful!
[2017-02-08 05:07:26pm]-Connection Successful!
[2017-02-08 05:07:26pm]-Data Fetch Successful!
[2017-02-08 05:07:51pm]-Connection Successful!
[2017-02-08 05:07:51pm]-Data Fetch Successful!
[2017-02-08 05:07:51pm]-Connection Successful!
[2017-02-08 05:07:51pm]-Data Fetch Successful!
[2017-02-08 05:07:58pm]-Connection Successful!
[2017-02-08 05:07:58pm]-Data Fetch Successful!
[2017-02-08 05:09:21pm]-Connection Successful!
[2017-02-08 05:09:21pm]-Data Fetch Successful!
[2017-02-08 05:09:23pm]-Connection Successful!
[2017-02-08 05:09:23pm]-Data Fetch Successful!
[2017-02-08 05:09:24pm]-Connection Successful!
[2017-02-08 05:09:24pm]-Data Fetch Successful!
[2017-02-08 05:09:36pm]-Connection Successful!
[2017-02-08 05:09:36pm]-Data Fetch Successful!
[2017-02-08 05:09:40pm]-Connection Successful!
[2017-02-08 05:09:40pm]-Data Fetch Successful!
[2017-02-08 05:09:59pm]-Connection Successful!
[2017-02-08 05:09:59pm]-Data Fetch Successful!
[2017-02-08 05:09:59pm]-Connection Successful!
[2017-02-08 05:09:59pm]-Data Fetch Successful!
[2017-02-08 05:10:02pm]-Connection Successful!
[2017-02-08 05:10:02pm]-Data Fetch Successful!
[2017-02-08 05:10:06pm]-Connection Successful!
[2017-02-08 05:10:06pm]-Data Fetch Successful!
[2017-02-08 05:10:06pm]-Connection Successful!
[2017-02-08 05:10:06pm]-Data Fetch Successful!
[2017-02-08 05:10:11pm]-Connection Successful!
[2017-02-08 05:10:11pm]-Data Fetch Successful!
[2017-02-08 05:10:29pm]-Connection Successful!
[2017-02-08 05:10:29pm]-Data Fetch Successful!
[2017-02-08 05:10:29pm]-Connection Successful!
[2017-02-08 05:10:29pm]-Data Fetch Successful!
[2017-02-08 05:10:32pm]-Connection Successful!
[2017-02-08 05:10:32pm]-Data Fetch Successful!
[2017-02-08 05:10:35pm]-Connection Successful!
[2017-02-08 05:10:35pm]-Data Fetch Successful!
[2017-02-08 05:10:38pm]-Connection Successful!
[2017-02-08 05:10:38pm]-Data Fetch Successful!
[2017-02-08 05:10:38pm]-Connection Successful!
[2017-02-08 05:10:38pm]-Data Fetch Successful!
[2017-02-08 05:10:46pm]-Connection Successful!
[2017-02-08 05:10:46pm]-Data Fetch Successful!
[2017-02-08 05:10:46pm]-Connection Successful!
[2017-02-08 05:10:46pm]-Data Fetch Successful!
[2017-02-08 05:10:48pm]-Connection Successful!
[2017-02-08 05:10:48pm]-Data Fetch Successful!
[2017-02-08 05:11:26pm]-Connection Successful!
[2017-02-08 05:11:26pm]-Data Fetch Successful!
[2017-02-08 05:11:28pm]-Connection Successful!
[2017-02-08 05:11:28pm]-Data Fetch Successful!
[2017-02-08 05:15:13pm]-Connection Successful!
[2017-02-08 05:15:13pm]-Data Fetch Successful!
[2017-02-08 05:22:15pm]-Connection Successful!
[2017-02-08 05:22:28pm]-Connection Successful!
[2017-02-08 05:22:28pm]-Data Fetch Successful!
[2017-02-08 05:22:36pm]-Connection Successful!
[2017-02-08 05:22:37pm]-Data Fetch Successful!
[2017-02-08 05:25:44pm]-Connection Successful!
[2017-02-08 05:25:44pm]-Connection Successful!
[2017-02-08 05:25:44pm]-Data Fetch Successful!
[2017-02-08 05:26:30pm]-Connection Successful!
[2017-02-08 05:26:30pm]-Data Fetch Successful!
[2017-02-08 05:26:47pm]-Connection Successful!
[2017-02-08 05:26:47pm]-Data Fetch Successful!
[2017-02-08 05:26:58pm]-Connection Successful!
[2017-02-08 05:26:58pm]-Connection Successful!
[2017-02-08 05:26:58pm]-Data Fetch Successful!
[2017-02-08 05:27:05pm]-Connection Successful!
[2017-02-08 05:27:05pm]-Data Fetch Successful!
[2017-02-08 05:27:45pm]-Connection Successful!
[2017-02-08 05:27:45pm]-Data Fetch Successful!
[2017-02-08 05:27:49pm]-Connection Successful!
[2017-02-08 05:27:49pm]-Data Fetch Successful!
[2017-02-08 05:28:01pm]-Connection Successful!
[2017-02-08 05:28:01pm]-Connection Successful!
[2017-02-08 05:28:01pm]-Data Fetch Successful!
[2017-02-08 05:28:15pm]-Connection Successful!
[2017-02-08 05:28:15pm]-Data Fetch Successful!
[2017-02-08 05:28:19pm]-Connection Successful!
[2017-02-08 05:28:19pm]-Data Fetch Successful!
[2017-02-08 05:28:19pm]-Connection Successful!
[2017-02-08 05:28:19pm]-Data Fetch Successful!
[2017-02-08 05:28:26pm]-Connection Successful!
[2017-02-08 05:28:26pm]-Data Fetch Successful!
[2017-02-08 05:28:27pm]-Connection Successful!
[2017-02-08 05:28:27pm]-Data Fetch Successful!
[2017-02-08 05:28:30pm]-Connection Successful!
[2017-02-08 05:28:30pm]-Data Fetch Successful!
[2017-02-08 05:28:30pm]-Connection Successful!
[2017-02-08 05:28:30pm]-Data Fetch Successful!
[2017-02-08 05:28:33pm]-Connection Successful!
[2017-02-08 05:28:33pm]-Data Fetch Successful!
[2017-02-08 05:28:35pm]-Connection Successful!
[2017-02-08 05:28:35pm]-Data Fetch Successful!
[2017-02-08 05:28:40pm]-Connection Successful!
[2017-02-08 05:28:40pm]-Data Fetch Successful!
[2017-02-08 05:28:45pm]-Connection Successful!
[2017-02-08 05:28:45pm]-Data Fetch Successful!
[2017-02-08 05:28:47pm]-Connection Successful!
[2017-02-08 05:28:47pm]-Data Fetch Successful!
[2017-02-08 05:28:47pm]-Connection Successful!
[2017-02-08 05:28:47pm]-Data Fetch Successful!
[2017-02-08 05:28:51pm]-Connection Successful!
[2017-02-08 05:28:51pm]-Data Fetch Successful!
[2017-02-08 05:28:52pm]-Connection Successful!
[2017-02-08 05:28:52pm]-Data Fetch Successful!
[2017-02-08 05:28:55pm]-Connection Successful!
[2017-02-08 05:28:55pm]-Data Fetch Successful!
[2017-02-08 05:29:30pm]-Connection Successful!
[2017-02-08 05:29:43pm]-Connection Successful!
[2017-02-08 05:29:43pm]-Data Fetch Successful!
[2017-02-08 05:29:48pm]-Connection Successful!
[2017-02-08 05:29:48pm]-Data Fetch Successful!
[2017-02-08 05:29:53pm]-Connection Successful!
[2017-02-08 05:29:53pm]-Data Fetch Successful!
